<?xml version="1.0" encoding="UTF-8"?>
<!-- Generated by org.testng.reporters.JUnitReportReporter -->
<testsuite skipped="0" hostname="dedua-ws02" name="one.NewTest" tests="1" failures="0" timestamp="01 May 2017 06:08:28 GMT" time="1.843" errors="0">
  <testcase name="f" time="1.843" classname="one.NewTest"/>
</testsuite> <!-- one.NewTest -->
