<?xml version="1.0" encoding="UTF-8"?>
<!-- Generated by org.testng.reporters.JUnitReportReporter -->
<testsuite skipped="0" hostname="dedua-ws02" name="one.Reg_Test" tests="1" failures="0" timestamp="01 May 2017 06:08:28 GMT" time="0.940" errors="0">
  <testcase name="f" time="0.940" classname="one.Reg_Test"/>
</testsuite> <!-- one.Reg_Test -->
