<?xml version="1.0" encoding="UTF-8"?>
<!-- Generated by org.testng.reporters.JUnitReportReporter -->
<testsuite skipped="0" hostname="dedua-ws02" name="one.NewTest" tests="1" failures="0" timestamp="11 May 2017 11:11:10 GMT" time="1.903" errors="0">
  <testcase name="f" time="1.903" classname="one.NewTest"/>
</testsuite> <!-- one.NewTest -->
