<?xml version="1.0" encoding="UTF-8"?>
<!-- Generated by org.testng.reporters.JUnitReportReporter -->
<testsuite skipped="0" hostname="dedua-ws02" name="one.Reg_Test" tests="1" failures="0" timestamp="10 May 2017 11:02:33 GMT" time="0.706" errors="0">
  <testcase name="f" time="0.706" classname="one.Reg_Test"/>
</testsuite> <!-- one.Reg_Test -->
