<?xml version="1.0" encoding="UTF-8"?>
<!-- Generated by org.testng.reporters.JUnitReportReporter -->
<testsuite skipped="0" hostname="dedua-ws02" name="one.Pfirst" tests="4" failures="0" timestamp="11 May 2017 11:07:07 GMT" time="0.800" errors="0">
  <testcase name="frun" time="0.324" classname="one.Pfirst"/>
  <testcase name="frun" time="0.154" classname="one.Pfirst"/>
  <testcase name="frun" time="0.178" classname="one.Pfirst"/>
  <testcase name="frun" time="0.144" classname="one.Pfirst"/>
</testsuite> <!-- one.Pfirst -->
